number,value,datetime_start,datetime_complete,duration,params_mutation_rate,params_population_size,params_stagnation_k,user_attrs_best_fitness,user_attrs_completed_seed_runs,user_attrs_june_new_algo_30trials_seed_42_fitness,user_attrs_june_new_algo_30trials_seed_43_fitness,user_attrs_june_new_algo_30trials_seed_44_fitness,user_attrs_mean_fitness,user_attrs_mean_june_new_algo_30trials_fitness,user_attrs_std_fitness,user_attrs_worst_fitness,state
0,-0.24201506661549257,2026-07-09 09:59:33.924618,2026-07-09 10:09:37.647586,0 days 00:10:03.722968,0.14310000289738825,125,47,-0.2515845744262727,3,-0.23280757375770372,-0.24165305166250134,-0.2515845744262727,-0.24201506661549257,-0.24201506661549257,0.007669951309993294,-0.23280757375770372,COMPLETE
1,-0.23171652431330328,2026-07-09 10:09:37.710645,2026-07-09 10:22:38.350415,0 days 00:13:00.639770,0.031842609661941114,170,17,-0.24873071043611414,3,-0.227407429016087,-0.24873071043611414,-0.21901143348770874,-0.23171652431330328,-0.23171652431330328,0.012509598509261435,-0.21901143348770874,COMPLETE
2,-0.2296478425484432,2026-07-09 10:22:38.405998,2026-07-09 10:27:32.619246,0 days 00:04:54.213248,0.1312646604084909,61,40,-0.233212240804306,3,-0.22353300288364894,-0.233212240804306,-0.23219828395737463,-0.2296478425484432,-0.2296478425484432,0.004343614103214475,-0.22353300288364894,COMPLETE
3,-0.22388132896689505,2026-07-09 10:27:32.674758,2026-07-09 10:42:06.665487,0 days 00:14:33.990729,0.012881829201412343,192,59,-0.23725771709577992,3,-0.2062852864575116,-0.22810098334739362,-0.23725771709577992,-0.22388132896689505,-0.22388132896689505,0.012991714724616639,-0.2062852864575116,COMPLETE
4,-0.23845876706776784,2026-07-09 10:42:06.724521,2026-07-09 10:58:53.079806,0 days 00:16:46.355285,0.039727475494958656,217,19,-0.24788209649088816,3,-0.22874986158341087,-0.24788209649088816,-0.2387443431290045,-0.23845876706776784,-0.23845876706776784,0.007813312076355612,-0.22874986158341087,COMPLETE
5,-0.22355812181235102,2026-07-09 10:58:53.139657,2026-07-09 11:05:49.959582,0 days 00:06:56.819925,0.05259391401433528,86,36,-0.23523467626922628,3,-0.20722715374347309,-0.22821253542435377,-0.23523467626922628,-0.22355812181235102,-0.22355812181235102,0.011898263292356027,-0.20722715374347309,COMPLETE
6,-0.23335392122441848,2026-07-09 11:05:50.014956,2026-07-09 11:16:48.796600,0 days 00:10:58.781644,0.05077207962772587,136,41,-0.2352525308809649,3,-0.2352525308809649,-0.23061151367878852,-0.23419771911350204,-0.23335392122441848,-0.23335392122441848,0.0019864132376288465,-0.23061151367878852,COMPLETE
7,-0.23736303852983834,2026-07-09 11:16:48.852174,2026-07-09 11:22:55.184983,0 days 00:06:06.332809,0.05090025079493054,78,28,-0.2494262744353565,3,-0.2494262744353565,-0.22988698135773628,-0.2327758597964223,-0.23736303852983834,-0.23736303852983834,0.008611142008758689,-0.22988698135773628,COMPLETE
8,-0.24877820298777,2026-07-09 11:22:55.241567,2026-07-09 11:34:04.963779,0 days 00:11:09.722212,0.11992463459502188,141,20,-0.2511684464560901,3,-0.24458469357397408,-0.2511684464560901,-0.25058146893324595,-0.24877820298777,-0.24877820298777,0.0029749259437032026,-0.24458469357397408,COMPLETE
9,-0.22237181786831664,2026-07-09 11:34:05.021861,2026-07-09 11:43:15.671124,0 days 00:09:10.649263,0.09293803964068593,153,12,-0.23704842721731695,3,-0.22800313855153728,-0.2020638878360958,-0.23704842721731695,-0.22237181786831664,-0.22237181786831664,0.014827077221691501,-0.2020638878360958,COMPLETE
10,-0.2416364353713291,2026-07-09 11:43:15.727393,2026-07-09 12:02:03.388781,0 days 00:18:47.661388,0.10294156519549189,241,59,-0.2458689650545688,3,-0.2458689650545688,-0.2383560379744778,-0.24068430308494076,-0.2416364353713291,-0.2416364353713291,0.0031401629730295286,-0.2383560379744778,COMPLETE
11,-0.24407526174531388,2026-07-09 12:02:03.445591,2026-07-09 12:11:22.272406,0 days 00:09:18.826815,0.14860945564304212,119,50,-0.2537925677834118,3,-0.24369173190694293,-0.2537925677834118,-0.23474148554558685,-0.24407526174531388,-0.24407526174531388,0.007782298501975834,-0.23474148554558685,COMPLETE
12,-0.2420295358531751,2026-07-09 12:11:22.328444,2026-07-09 12:19:40.148743,0 days 00:08:17.820299,0.1190516235903358,107,27,-0.2516542479088888,3,-0.2392624402865817,-0.2516542479088888,-0.2351719193640548,-0.2420295358531751,-0.2420295358531751,0.007007586459019875,-0.2351719193640548,COMPLETE
13,-0.24817865937783182,2026-07-09 12:19:40.205721,2026-07-09 12:33:25.909558,0 days 00:13:45.703837,0.1494239158538795,177,49,-0.25191575205052086,3,-0.24297450988463196,-0.25191575205052086,-0.24964571619834267,-0.24817865937783182,-0.24817865937783182,0.0037947898187930375,-0.24297450988463196,COMPLETE
14,-0.24173792318152287,2026-07-09 12:33:25.965785,2026-07-09 12:47:43.596720,0 days 00:14:17.630935,0.0849873969649686,182,27,-0.2488841153939897,3,-0.2316389184235648,-0.2488841153939897,-0.2446907357270141,-0.24173792318152287,-0.24173792318152287,0.007343411154851487,-0.2316389184235648,COMPLETE
15,-0.2448805111202188,2026-07-09 12:47:43.653139,2026-07-09 13:03:54.423910,0 days 00:16:10.770771,0.1260541770289783,206,50,-0.2565734287271287,3,-0.23278778208271633,-0.24528032255081145,-0.2565734287271287,-0.2448805111202188,-0.2448805111202188,0.009714564099269903,-0.23278778208271633,COMPLETE
16,-0.23565218455376694,2026-07-09 13:03:54.480635,2026-07-09 13:15:55.061881,0 days 00:12:00.581246,0.10525531702008714,152,33,-0.24384256449116476,3,-0.23500237961846726,-0.24384256449116476,-0.22811160955166884,-0.23565218455376694,-0.23565218455376694,0.006438551631517119,-0.22811160955166884,COMPLETE
17,-0.23900217306875216,2026-07-09 13:15:55.118908,2026-07-09 13:28:10.661624,0 days 00:12:15.542716,0.0756187306442979,158,20,-0.24298241527707617,3,-0.23189986114230993,-0.24212424278687034,-0.24298241527707617,-0.23900217306875216,-0.23900217306875216,0.005034298430506417,-0.23189986114230993,COMPLETE
18,-0.24081540799243395,2026-07-09 13:28:10.719545,2026-07-09 13:46:51.820400,0 days 00:18:41.100855,0.1154514151637061,242,10,-0.24576461611858,3,-0.24576461611858,-0.23491396891850935,-0.2417676389402125,-0.24081540799243395,-0.24081540799243395,0.0044806393887874725,-0.23491396891850935,COMPLETE
19,-0.24533287754748914,2026-07-09 13:46:51.878487,2026-07-09 13:54:41.670674,0 days 00:07:49.792187,0.13981393452310426,100,45,-0.24595345021940931,3,-0.24570758297812542,-0.24433759944493275,-0.24595345021940931,-0.24533287754748914,-0.24533287754748914,0.0007108898419846124,-0.24433759944493275,COMPLETE
20,-0.24797022083000328,2026-07-09 13:54:41.737683,2026-07-09 14:11:28.427133,0 days 00:16:46.689450,0.13198851488113686,212,55,-0.2543818314071459,3,-0.2522180994049875,-0.23731073167787636,-0.2543818314071459,-0.24797022083000328,-0.24797022083000328,0.007588981740326966,-0.23731073167787636,COMPLETE
21,-0.24972502481583728,2026-07-09 14:11:28.484564,2026-07-09 14:29:42.921841,0 days 00:18:14.437277,0.13289048674160472,223,54,-0.2506027729389692,3,-0.2494890913333339,-0.2506027729389692,-0.24908321017520874,-0.24972502481583728,-0.24972502481583728,0.0006423997739603533,-0.24908321017520874,COMPLETE
22,-0.24558779382436105,2026-07-09 14:29:42.982132,2026-07-09 14:47:33.700364,0 days 00:17:50.718232,0.11084165103665918,228,54,-0.24673562948337047,3,-0.24376352553301256,-0.2462642264567001,-0.24673562948337047,-0.24558779382436105,-0.24558779382436105,0.0013042293516359583,-0.24376352553301256,COMPLETE
23,-0.24905240002059706,2026-07-09 14:47:33.762849,2026-07-09 15:02:47.122781,0 days 00:15:13.359932,0.1498981507657652,193,55,-0.2572921669166931,3,-0.2386793298239992,-0.2511857033210989,-0.2572921669166931,-0.24905240002059706,-0.24905240002059706,0.007746941907993524,-0.2386793298239992,COMPLETE
24,-0.24717057660498187,2026-07-09 15:02:47.188607,2026-07-09 15:18:48.826516,0 days 00:16:01.637909,0.12498220244875777,193,42,-0.26019844752268917,3,-0.2349637479248174,-0.24634953436743912,-0.26019844752268917,-0.24717057660498187,-0.24717057660498187,0.010318368692630293,-0.2349637479248174,COMPLETE
25,-0.25275243521768076,2026-07-09 15:18:48.889991,2026-07-09 15:37:01.328224,0 days 00:18:12.438233,0.13573429732267314,229,53,-0.259510932568018,3,-0.259510932568018,-0.25278089524474134,-0.24596547784028294,-0.25275243521768076,-0.25275243521768076,0.005529945353867142,-0.24596547784028294,COMPLETE
26,-0.2528022998722747,2026-07-09 15:37:01.411879,2026-07-09 15:54:48.098701,0 days 00:17:46.686822,0.13675366753433008,227,53,-0.2574084280577998,3,-0.25501059063199394,-0.24598788092703044,-0.2574084280577998,-0.2528022998722747,-0.2528022998722747,0.004916952664074699,-0.24598788092703044,COMPLETE
